<?xml version="1.0" encoding="UTF-8"?>
<!-- Generated by org.testng.reporters.JUnitXMLReporter -->
<testsuite ignored="0" hostname="LEGION" failures="0" tests="6" name="Default test" time="25.039" errors="0" timestamp="2022-12-24T12:50:11 IST">
  <testcase classname="com.ixigo.testcases.IxigoTest" name="clearData" time="0.292"/>
  <testcase classname="com.ixigo.testcases.IxigoTest" name="landingPageData" time="3.321"/>
  <testcase classname="com.ixigo.testcases.IxigoTest" name="datePickerData" time="0.72"/>
  <testcase classname="com.ixigo.testcases.IxigoTest" name="clickSearch" time="0.08"/>
  <testcase classname="com.ixigo.testcases.IxigoTest" name="selectFlight" time="13.604"/>
  <testcase classname="com.ixigo.testcases.IxigoTest" name="checkFlightPrices" time="0.144"/>
</testsuite> <!-- Default test -->
