<?xml version="1.0" encoding="UTF-8"?>
<!-- Generated by org.testng.reporters.JUnitXMLReporter -->
<testsuite ignored="0" hostname="LEGION" failures="0" tests="6" name="Test" time="20.439" errors="0" timestamp="2022-12-24T15:31:30 IST">
  <testcase classname="com.ixigo.testcases.IxigoTest" name="clearData" time="0.053"/>
  <testcase classname="com.ixigo.testcases.IxigoTest" name="landingPageData" time="2.376"/>
  <testcase classname="com.ixigo.testcases.IxigoTest" name="datePickerData" time="0.446"/>
  <testcase classname="com.ixigo.testcases.IxigoTest" name="clickSearch" time="0.063"/>
  <testcase classname="com.ixigo.testcases.IxigoTest" name="selectFlight" time="12.047"/>
  <testcase classname="com.ixigo.testcases.IxigoTest" name="checkFlightPrices" time="0.141"/>
</testsuite> <!-- Test -->
